Started GET "/" for ::1 at 2020-03-08 21:54:39 -0400
  
PG::ConnectionBad (could not connect to server: No such file or directory
	Is the server running locally and accepting
	connections on Unix domain socket "/var/run/postgresql/.s.PGSQL.5432"?
):
  
pg (1.1.4) lib/pg.rb:56:in `initialize'
pg (1.1.4) lib/pg.rb:56:in `new'
pg (1.1.4) lib/pg.rb:56:in `connect'
activerecord (5.2.3) lib/active_record/connection_adapters/postgresql_adapter.rb:692:in `connect'
activerecord (5.2.3) lib/active_record/connection_adapters/postgresql_adapter.rb:223:in `initialize'
activerecord (5.2.3) lib/active_record/connection_adapters/postgresql_adapter.rb:48:in `new'
activerecord (5.2.3) lib/active_record/connection_adapters/postgresql_adapter.rb:48:in `postgresql_connection'
activerecord (5.2.3) lib/active_record/connection_adapters/abstract/connection_pool.rb:811:in `new_connection'
activerecord (5.2.3) lib/active_record/connection_adapters/abstract/connection_pool.rb:855:in `checkout_new_connection'
activerecord (5.2.3) lib/active_record/connection_adapters/abstract/connection_pool.rb:834:in `try_to_checkout_new_connection'
activerecord (5.2.3) lib/active_record/connection_adapters/abstract/connection_pool.rb:795:in `acquire_connection'
activerecord (5.2.3) lib/active_record/connection_adapters/abstract/connection_pool.rb:523:in `checkout'
activerecord (5.2.3) lib/active_record/connection_adapters/abstract/connection_pool.rb:382:in `connection'
activerecord (5.2.3) lib/active_record/connection_adapters/abstract/connection_pool.rb:1014:in `retrieve_connection'
activerecord (5.2.3) lib/active_record/connection_handling.rb:118:in `retrieve_connection'
activerecord (5.2.3) lib/active_record/connection_handling.rb:90:in `connection'
activerecord (5.2.3) lib/active_record/migration.rb:554:in `call'
actionpack (5.2.3) lib/action_dispatch/middleware/callbacks.rb:28:in `block in call'
activesupport (5.2.3) lib/active_support/callbacks.rb:98:in `run_callbacks'
actionpack (5.2.3) lib/action_dispatch/middleware/callbacks.rb:26:in `call'
actionpack (5.2.3) lib/action_dispatch/middleware/executor.rb:14:in `call'
actionpack (5.2.3) lib/action_dispatch/middleware/debug_exceptions.rb:61:in `call'
web-console (3.7.0) lib/web_console/middleware.rb:135:in `call_app'
web-console (3.7.0) lib/web_console/middleware.rb:30:in `block in call'
web-console (3.7.0) lib/web_console/middleware.rb:20:in `catch'
web-console (3.7.0) lib/web_console/middleware.rb:20:in `call'
actionpack (5.2.3) lib/action_dispatch/middleware/show_exceptions.rb:33:in `call'
railties (5.2.3) lib/rails/rack/logger.rb:38:in `call_app'
railties (5.2.3) lib/rails/rack/logger.rb:26:in `block in call'
activesupport (5.2.3) lib/active_support/tagged_logging.rb:71:in `block in tagged'
activesupport (5.2.3) lib/active_support/tagged_logging.rb:28:in `tagged'
activesupport (5.2.3) lib/active_support/tagged_logging.rb:71:in `tagged'
railties (5.2.3) lib/rails/rack/logger.rb:26:in `call'
sprockets-rails (3.2.1) lib/sprockets/rails/quiet_assets.rb:13:in `call'
actionpack (5.2.3) lib/action_dispatch/middleware/remote_ip.rb:81:in `call'
actionpack (5.2.3) lib/action_dispatch/middleware/request_id.rb:27:in `call'
rack (2.0.7) lib/rack/method_override.rb:22:in `call'
rack (2.0.7) lib/rack/runtime.rb:22:in `call'
activesupport (5.2.3) lib/active_support/cache/strategy/local_cache_middleware.rb:29:in `call'
actionpack (5.2.3) lib/action_dispatch/middleware/executor.rb:14:in `call'
actionpack (5.2.3) lib/action_dispatch/middleware/static.rb:127:in `call'
rack (2.0.7) lib/rack/sendfile.rb:111:in `call'
railties (5.2.3) lib/rails/engine.rb:524:in `call'
puma (4.2.1) lib/puma/configuration.rb:228:in `call'
puma (4.2.1) lib/puma/server.rb:667:in `handle_request'
puma (4.2.1) lib/puma/server.rb:470:in `process_client'
puma (4.2.1) lib/puma/server.rb:328:in `block in run'
puma (4.2.1) lib/puma/thread_pool.rb:134:in `block in spawn_thread'
Started GET "/" for ::1 at 2020-03-08 21:56:55 -0400
Started GET "/" for ::1 at 2020-03-08 21:56:55 -0400
Started GET "/" for ::1 at 2020-03-08 21:56:55 -0400
Started GET "/" for ::1 at 2020-03-08 21:56:55 -0400
  
ActiveRecord::NoDatabaseError (FATAL:  database "rdjessee_blog_development" does not exist
):
  
activerecord (5.2.3) lib/active_record/connection_adapters/postgresql_adapter.rb:696:in `rescue in connect'
activerecord (5.2.3) lib/active_record/connection_adapters/postgresql_adapter.rb:691:in `connect'
activerecord (5.2.3) lib/active_record/connection_adapters/postgresql_adapter.rb:223:in `initialize'
activerecord (5.2.3) lib/active_record/connection_adapters/postgresql_adapter.rb:48:in `new'
activerecord (5.2.3) lib/active_record/connection_adapters/postgresql_adapter.rb:48:in `postgresql_connection'
activerecord (5.2.3) lib/active_record/connection_adapters/abstract/connection_pool.rb:811:in `new_connection'
activerecord (5.2.3) lib/active_record/connection_adapters/abstract/connection_pool.rb:855:in `checkout_new_connection'
activerecord (5.2.3) lib/active_record/connection_adapters/abstract/connection_pool.rb:834:in `try_to_checkout_new_connection'
activerecord (5.2.3) lib/active_record/connection_adapters/abstract/connection_pool.rb:795:in `acquire_connection'
activerecord (5.2.3) lib/active_record/connection_adapters/abstract/connection_pool.rb:523:in `checkout'
activerecord (5.2.3) lib/active_record/connection_adapters/abstract/connection_pool.rb:382:in `connection'
activerecord (5.2.3) lib/active_record/connection_adapters/abstract/connection_pool.rb:1014:in `retrieve_connection'
activerecord (5.2.3) lib/active_record/connection_handling.rb:118:in `retrieve_connection'
activerecord (5.2.3) lib/active_record/connection_handling.rb:90:in `connection'
activerecord (5.2.3) lib/active_record/migration.rb:554:in `call'
actionpack (5.2.3) lib/action_dispatch/middleware/callbacks.rb:28:in `block in call'
activesupport (5.2.3) lib/active_support/callbacks.rb:98:in `run_callbacks'
actionpack (5.2.3) lib/action_dispatch/middleware/callbacks.rb:26:in `call'
actionpack (5.2.3) lib/action_dispatch/middleware/executor.rb:14:in `call'
actionpack (5.2.3) lib/action_dispatch/middleware/debug_exceptions.rb:61:in `call'
web-console (3.7.0) lib/web_console/middleware.rb:135:in `call_app'
web-console (3.7.0) lib/web_console/middleware.rb:30:in `block in call'
web-console (3.7.0) lib/web_console/middleware.rb:20:in `catch'
web-console (3.7.0) lib/web_console/middleware.rb:20:in `call'
actionpack (5.2.3) lib/action_dispatch/middleware/show_exceptions.rb:33:in `call'
railties (5.2.3) lib/rails/rack/logger.rb:38:in `call_app'
railties (5.2.3) lib/rails/rack/logger.rb:26:in `block in call'
activesupport (5.2.3) lib/active_support/tagged_logging.rb:71:in `block in tagged'
activesupport (5.2.3) lib/active_support/tagged_logging.rb:28:in `tagged'
activesupport (5.2.3) lib/active_support/tagged_logging.rb:71:in `tagged'
railties (5.2.3) lib/rails/rack/logger.rb:26:in `call'
sprockets-rails (3.2.1) lib/sprockets/rails/quiet_assets.rb:13:in `call'
actionpack (5.2.3) lib/action_dispatch/middleware/remote_ip.rb:81:in `call'
actionpack (5.2.3) lib/action_dispatch/middleware/request_id.rb:27:in `call'
rack (2.0.7) lib/rack/method_override.rb:22:in `call'
rack (2.0.7) lib/rack/runtime.rb:22:in `call'
activesupport (5.2.3) lib/active_support/cache/strategy/local_cache_middleware.rb:29:in `call'
actionpack (5.2.3) lib/action_dispatch/middleware/executor.rb:14:in `call'
actionpack (5.2.3) lib/action_dispatch/middleware/static.rb:127:in `call'
rack (2.0.7) lib/rack/sendfile.rb:111:in `call'
railties (5.2.3) lib/rails/engine.rb:524:in `call'
puma (4.2.1) lib/puma/configuration.rb:228:in `call'
puma (4.2.1) lib/puma/server.rb:667:in `handle_request'
puma (4.2.1) lib/puma/server.rb:470:in `process_client'
puma (4.2.1) lib/puma/server.rb:328:in `block in run'
puma (4.2.1) lib/puma/thread_pool.rb:134:in `block in spawn_thread'
  
  
ActiveRecord::NoDatabaseError (FATAL:  database "rdjessee_blog_development" does not exist
):
ActiveRecord::NoDatabaseError (FATAL:  database "rdjessee_blog_development" does not exist
):
  
activerecord (5.2.3) lib/active_record/connection_adapters/postgresql_adapter.rb:696:in `rescue in connect'
activerecord (5.2.3) lib/active_record/connection_adapters/postgresql_adapter.rb:691:in `connect'
activerecord (5.2.3) lib/active_record/connection_adapters/postgresql_adapter.rb:223:in `initialize'
activerecord (5.2.3) lib/active_record/connection_adapters/postgresql_adapter.rb:48:in `new'
activerecord (5.2.3) lib/active_record/connection_adapters/postgresql_adapter.rb:48:in `postgresql_connection'
activerecord (5.2.3) lib/active_record/connection_adapters/abstract/connection_pool.rb:811:in `new_connection'
activerecord (5.2.3) lib/active_record/connection_adapters/abstract/connection_pool.rb:855:in `checkout_new_connection'
activerecord (5.2.3) lib/active_record/connection_adapters/abstract/connection_pool.rb:834:in `try_to_checkout_new_connection'
activerecord (5.2.3) lib/active_record/connection_adapters/abstract/connection_pool.rb:795:in `acquire_connection'
activerecord (5.2.3) lib/active_record/connection_adapters/abstract/connection_pool.rb:523:in `checkout'
activerecord (5.2.3) lib/active_record/connection_adapters/abstract/connection_pool.rb:382:in `connection'
activerecord (5.2.3) lib/active_record/connection_adapters/abstract/connection_pool.rb:1014:in `retrieve_connection'
activerecord (5.2.3) lib/active_record/connection_handling.rb:118:in `retrieve_connection'
activerecord (5.2.3) lib/active_record/connection_handling.rb:90:in `connection'
activerecord (5.2.3) lib/active_record/migration.rb:554:in `call'
actionpack (5.2.3) lib/action_dispatch/middleware/callbacks.rb:28:in `block in call'
activesupport (5.2.3) lib/active_support/callbacks.rb:98:in `run_callbacks'
actionpack (5.2.3) lib/action_dispatch/middleware/callbacks.rb:26:in `call'
actionpack (5.2.3) lib/action_dispatch/middleware/executor.rb:14:in `call'
actionpack (5.2.3) lib/action_dispatch/middleware/debug_exceptions.rb:61:in `call'
web-console (3.7.0) lib/web_console/middleware.rb:135:in `call_app'
web-console (3.7.0) lib/web_console/middleware.rb:30:in `block in call'
web-console (3.7.0) lib/web_console/middleware.rb:20:in `catch'
web-console (3.7.0) lib/web_console/middleware.rb:20:in `call'
actionpack (5.2.3) lib/action_dispatch/middleware/show_exceptions.rb:33:in `call'
railties (5.2.3) lib/rails/rack/logger.rb:38:in `call_app'
railties (5.2.3) lib/rails/rack/logger.rb:26:in `block in call'
activesupport (5.2.3) lib/active_support/tagged_logging.rb:71:in `block in tagged'
activesupport (5.2.3) lib/active_support/tagged_logging.rb:28:in `tagged'
activesupport (5.2.3) lib/active_support/tagged_logging.rb:71:in `tagged'
railties (5.2.3) lib/rails/rack/logger.rb:26:in `call'
sprockets-rails (3.2.1) lib/sprockets/rails/quiet_assets.rb:13:in `call'
actionpack (5.2.3) lib/action_dispatch/middleware/remote_ip.rb:81:in `call'
actionpack (5.2.3) lib/action_dispatch/middleware/request_id.rb:27:in `call'
rack (2.0.7) lib/rack/method_override.rb:22:in `call'
rack (2.0.7) lib/rack/runtime.rb:22:in `call'
activesupport (5.2.3) lib/active_support/cache/strategy/local_cache_middleware.rb:29:in `call'
actionpack (5.2.3) lib/action_dispatch/middleware/executor.rb:14:in `call'
actionpack (5.2.3) lib/action_dispatch/middleware/static.rb:127:in `call'
rack (2.0.7) lib/rack/sendfile.rb:111:in `call'
railties (5.2.3) lib/rails/engine.rb:524:in `call'
puma (4.2.1) lib/puma/configuration.rb:228:in `call'
puma (4.2.1) lib/puma/server.rb:667:in `handle_request'
puma (4.2.1) lib/puma/server.rb:470:in `process_client'
puma (4.2.1) lib/puma/server.rb:328:in `block in run'
puma (4.2.1) lib/puma/thread_pool.rb:134:in `block in spawn_thread'
  
  
ActiveRecord::NoDatabaseError (FATAL:  database "rdjessee_blog_development" does not exist
):
activerecord (5.2.3) lib/active_record/connection_adapters/postgresql_adapter.rb:696:in `rescue in connect'
activerecord (5.2.3) lib/active_record/connection_adapters/postgresql_adapter.rb:691:in `connect'
activerecord (5.2.3) lib/active_record/connection_adapters/postgresql_adapter.rb:223:in `initialize'
activerecord (5.2.3) lib/active_record/connection_adapters/postgresql_adapter.rb:48:in `new'
activerecord (5.2.3) lib/active_record/connection_adapters/postgresql_adapter.rb:48:in `postgresql_connection'
activerecord (5.2.3) lib/active_record/connection_adapters/abstract/connection_pool.rb:811:in `new_connection'
activerecord (5.2.3) lib/active_record/connection_adapters/abstract/connection_pool.rb:855:in `checkout_new_connection'
activerecord (5.2.3) lib/active_record/connection_adapters/abstract/connection_pool.rb:834:in `try_to_checkout_new_connection'
activerecord (5.2.3) lib/active_record/connection_adapters/abstract/connection_pool.rb:795:in `acquire_connection'
activerecord (5.2.3) lib/active_record/connection_adapters/abstract/connection_pool.rb:523:in `checkout'
activerecord (5.2.3) lib/active_record/connection_adapters/abstract/connection_pool.rb:382:in `connection'
activerecord (5.2.3) lib/active_record/connection_adapters/abstract/connection_pool.rb:1014:in `retrieve_connection'
activerecord (5.2.3) lib/active_record/connection_handling.rb:118:in `retrieve_connection'
activerecord (5.2.3) lib/active_record/connection_handling.rb:90:in `connection'
activerecord (5.2.3) lib/active_record/migration.rb:554:in `call'
actionpack (5.2.3) lib/action_dispatch/middleware/callbacks.rb:28:in `block in call'
activesupport (5.2.3) lib/active_support/callbacks.rb:98:in `run_callbacks'
actionpack (5.2.3) lib/action_dispatch/middleware/callbacks.rb:26:in `call'
actionpack (5.2.3) lib/action_dispatch/middleware/executor.rb:14:in `call'
actionpack (5.2.3) lib/action_dispatch/middleware/debug_exceptions.rb:61:in `call'
web-console (3.7.0) lib/web_console/middleware.rb:135:in `call_app'
web-console (3.7.0) lib/web_console/middleware.rb:30:in `block in call'
web-console (3.7.0) lib/web_console/middleware.rb:20:in `catch'
web-console (3.7.0) lib/web_console/middleware.rb:20:in `call'
actionpack (5.2.3) lib/action_dispatch/middleware/show_exceptions.rb:33:in `call'
railties (5.2.3) lib/rails/rack/logger.rb:38:in `call_app'
railties (5.2.3) lib/rails/rack/logger.rb:26:in `block in call'
activesupport (5.2.3) lib/active_support/tagged_logging.rb:71:in `block in tagged'
activesupport (5.2.3) lib/active_support/tagged_logging.rb:28:in `tagged'
activesupport (5.2.3) lib/active_support/tagged_logging.rb:71:in `tagged'
railties (5.2.3) lib/rails/rack/logger.rb:26:in `call'
sprockets-rails (3.2.1) lib/sprockets/rails/quiet_assets.rb:13:in `call'
actionpack (5.2.3) lib/action_dispatch/middleware/remote_ip.rb:81:in `call'
actionpack (5.2.3) lib/action_dispatch/middleware/request_id.rb:27:in `call'
rack (2.0.7) lib/rack/method_override.rb:22:in `call'
rack (2.0.7) lib/rack/runtime.rb:22:in `call'
activesupport (5.2.3) lib/active_support/cache/strategy/local_cache_middleware.rb:29:in `call'
actionpack (5.2.3) lib/action_dispatch/middleware/executor.rb:14:in `call'
actionpack (5.2.3) lib/action_dispatch/middleware/static.rb:127:in `call'
rack (2.0.7) lib/rack/sendfile.rb:111:in `call'
railties (5.2.3) lib/rails/engine.rb:524:in `call'
puma (4.2.1) lib/puma/configuration.rb:228:in `call'
puma (4.2.1) lib/puma/server.rb:667:in `handle_request'
puma (4.2.1) lib/puma/server.rb:470:in `process_client'
puma (4.2.1) lib/puma/server.rb:328:in `block in run'
puma (4.2.1) lib/puma/thread_pool.rb:134:in `block in spawn_thread'
  
activerecord (5.2.3) lib/active_record/connection_adapters/postgresql_adapter.rb:696:in `rescue in connect'
activerecord (5.2.3) lib/active_record/connection_adapters/postgresql_adapter.rb:691:in `connect'
activerecord (5.2.3) lib/active_record/connection_adapters/postgresql_adapter.rb:223:in `initialize'
activerecord (5.2.3) lib/active_record/connection_adapters/postgresql_adapter.rb:48:in `new'
activerecord (5.2.3) lib/active_record/connection_adapters/postgresql_adapter.rb:48:in `postgresql_connection'
activerecord (5.2.3) lib/active_record/connection_adapters/abstract/connection_pool.rb:811:in `new_connection'
activerecord (5.2.3) lib/active_record/connection_adapters/abstract/connection_pool.rb:855:in `checkout_new_connection'
activerecord (5.2.3) lib/active_record/connection_adapters/abstract/connection_pool.rb:834:in `try_to_checkout_new_connection'
activerecord (5.2.3) lib/active_record/connection_adapters/abstract/connection_pool.rb:795:in `acquire_connection'
activerecord (5.2.3) lib/active_record/connection_adapters/abstract/connection_pool.rb:523:in `checkout'
activerecord (5.2.3) lib/active_record/connection_adapters/abstract/connection_pool.rb:382:in `connection'
activerecord (5.2.3) lib/active_record/connection_adapters/abstract/connection_pool.rb:1014:in `retrieve_connection'
activerecord (5.2.3) lib/active_record/connection_handling.rb:118:in `retrieve_connection'
activerecord (5.2.3) lib/active_record/connection_handling.rb:90:in `connection'
activerecord (5.2.3) lib/active_record/migration.rb:554:in `call'
actionpack (5.2.3) lib/action_dispatch/middleware/callbacks.rb:28:in `block in call'
activesupport (5.2.3) lib/active_support/callbacks.rb:98:in `run_callbacks'
actionpack (5.2.3) lib/action_dispatch/middleware/callbacks.rb:26:in `call'
actionpack (5.2.3) lib/action_dispatch/middleware/executor.rb:14:in `call'
actionpack (5.2.3) lib/action_dispatch/middleware/debug_exceptions.rb:61:in `call'
web-console (3.7.0) lib/web_console/middleware.rb:135:in `call_app'
web-console (3.7.0) lib/web_console/middleware.rb:30:in `block in call'
web-console (3.7.0) lib/web_console/middleware.rb:20:in `catch'
web-console (3.7.0) lib/web_console/middleware.rb:20:in `call'
actionpack (5.2.3) lib/action_dispatch/middleware/show_exceptions.rb:33:in `call'
railties (5.2.3) lib/rails/rack/logger.rb:38:in `call_app'
railties (5.2.3) lib/rails/rack/logger.rb:26:in `block in call'
activesupport (5.2.3) lib/active_support/tagged_logging.rb:71:in `block in tagged'
activesupport (5.2.3) lib/active_support/tagged_logging.rb:28:in `tagged'
activesupport (5.2.3) lib/active_support/tagged_logging.rb:71:in `tagged'
railties (5.2.3) lib/rails/rack/logger.rb:26:in `call'
sprockets-rails (3.2.1) lib/sprockets/rails/quiet_assets.rb:13:in `call'
actionpack (5.2.3) lib/action_dispatch/middleware/remote_ip.rb:81:in `call'
actionpack (5.2.3) lib/action_dispatch/middleware/request_id.rb:27:in `call'
rack (2.0.7) lib/rack/method_override.rb:22:in `call'
rack (2.0.7) lib/rack/runtime.rb:22:in `call'
activesupport (5.2.3) lib/active_support/cache/strategy/local_cache_middleware.rb:29:in `call'
actionpack (5.2.3) lib/action_dispatch/middleware/executor.rb:14:in `call'
actionpack (5.2.3) lib/action_dispatch/middleware/static.rb:127:in `call'
rack (2.0.7) lib/rack/sendfile.rb:111:in `call'
railties (5.2.3) lib/rails/engine.rb:524:in `call'
puma (4.2.1) lib/puma/configuration.rb:228:in `call'
puma (4.2.1) lib/puma/server.rb:667:in `handle_request'
puma (4.2.1) lib/puma/server.rb:470:in `process_client'
puma (4.2.1) lib/puma/server.rb:328:in `block in run'
puma (4.2.1) lib/puma/thread_pool.rb:134:in `block in spawn_thread'
  [1m[35m (2347.4ms)[0m  [1m[35mCREATE DATABASE "rdjessee_blog_development" ENCODING = 'unicode'[0m
  ↳ bin/rails:4
  [1m[35m (0.6ms)[0m  [1m[35mCREATE DATABASE "rdjessee_blog_development" ENCODING = 'unicode'[0m
  ↳ bin/rails:4
  [1m[35m (1.1ms)[0m  [1m[35mCREATE DATABASE "rdjessee_blog_development" ENCODING = 'unicode'[0m
  ↳ bin/rails:4
  [1m[35m (1952.5ms)[0m  [1m[35mCREATE DATABASE "rdjessee_blog_test" ENCODING = 'unicode'[0m
  ↳ bin/rails:4
Started GET "/" for ::1 at 2020-03-08 22:00:01 -0400
  
ActiveRecord::PendingMigrationError (

Migrations are pending. To resolve this issue, run:

        bin/rails db:migrate RAILS_ENV=development

):
  
activerecord (5.2.3) lib/active_record/migration.rb:579:in `check_pending!'
activerecord (5.2.3) lib/active_record/migration.rb:556:in `call'
actionpack (5.2.3) lib/action_dispatch/middleware/callbacks.rb:28:in `block in call'
activesupport (5.2.3) lib/active_support/callbacks.rb:98:in `run_callbacks'
actionpack (5.2.3) lib/action_dispatch/middleware/callbacks.rb:26:in `call'
actionpack (5.2.3) lib/action_dispatch/middleware/executor.rb:14:in `call'
actionpack (5.2.3) lib/action_dispatch/middleware/debug_exceptions.rb:61:in `call'
web-console (3.7.0) lib/web_console/middleware.rb:135:in `call_app'
web-console (3.7.0) lib/web_console/middleware.rb:30:in `block in call'
web-console (3.7.0) lib/web_console/middleware.rb:20:in `catch'
web-console (3.7.0) lib/web_console/middleware.rb:20:in `call'
actionpack (5.2.3) lib/action_dispatch/middleware/show_exceptions.rb:33:in `call'
railties (5.2.3) lib/rails/rack/logger.rb:38:in `call_app'
railties (5.2.3) lib/rails/rack/logger.rb:26:in `block in call'
activesupport (5.2.3) lib/active_support/tagged_logging.rb:71:in `block in tagged'
activesupport (5.2.3) lib/active_support/tagged_logging.rb:28:in `tagged'
activesupport (5.2.3) lib/active_support/tagged_logging.rb:71:in `tagged'
railties (5.2.3) lib/rails/rack/logger.rb:26:in `call'
sprockets-rails (3.2.1) lib/sprockets/rails/quiet_assets.rb:13:in `call'
actionpack (5.2.3) lib/action_dispatch/middleware/remote_ip.rb:81:in `call'
actionpack (5.2.3) lib/action_dispatch/middleware/request_id.rb:27:in `call'
rack (2.0.7) lib/rack/method_override.rb:22:in `call'
rack (2.0.7) lib/rack/runtime.rb:22:in `call'
activesupport (5.2.3) lib/active_support/cache/strategy/local_cache_middleware.rb:29:in `call'
actionpack (5.2.3) lib/action_dispatch/middleware/executor.rb:14:in `call'
actionpack (5.2.3) lib/action_dispatch/middleware/static.rb:127:in `call'
rack (2.0.7) lib/rack/sendfile.rb:111:in `call'
railties (5.2.3) lib/rails/engine.rb:524:in `call'
puma (4.2.1) lib/puma/configuration.rb:228:in `call'
puma (4.2.1) lib/puma/server.rb:667:in `handle_request'
puma (4.2.1) lib/puma/server.rb:470:in `process_client'
puma (4.2.1) lib/puma/server.rb:328:in `block in run'
puma (4.2.1) lib/puma/thread_pool.rb:134:in `block in spawn_thread'
  [1m[35m (48.1ms)[0m  [1m[35mCREATE TABLE "schema_migrations" ("version" character varying NOT NULL PRIMARY KEY)[0m
  ↳ bin/rails:4
  [1m[35m (13.1ms)[0m  [1m[35mCREATE TABLE "ar_internal_metadata" ("key" character varying NOT NULL PRIMARY KEY, "value" character varying, "created_at" timestamp NOT NULL, "updated_at" timestamp NOT NULL)[0m
  ↳ bin/rails:4
  [1m[35m (0.9ms)[0m  [1m[34mSELECT pg_try_advisory_lock(3468678459233520330)[0m
  ↳ bin/rails:4
  [1m[35m (4.3ms)[0m  [1m[34mSELECT "schema_migrations"."version" FROM "schema_migrations" ORDER BY "schema_migrations"."version" ASC[0m
  ↳ bin/rails:4
Migrating to CreateUsers (20160305233128)
  [1m[35m (0.2ms)[0m  [1m[35mBEGIN[0m
  ↳ bin/rails:4
  [1m[35m (15.9ms)[0m  [1m[35mCREATE TABLE "users" ("id" bigserial primary key, "name" character varying, "email" character varying, "created_at" timestamp NOT NULL, "updated_at" timestamp NOT NULL)[0m
  ↳ db/migrate/20160305233128_create_users.rb:3
  [1m[36mActiveRecord::SchemaMigration Create (1.9ms)[0m  [1m[32mINSERT INTO "schema_migrations" ("version") VALUES ($1) RETURNING "version"[0m  [["version", "20160305233128"]]
  ↳ bin/rails:4
  [1m[35m (2.0ms)[0m  [1m[35mCOMMIT[0m
  ↳ bin/rails:4
Migrating to AddIndexToUsersEmail (20160315024102)
  [1m[35m (0.9ms)[0m  [1m[35mBEGIN[0m
  ↳ bin/rails:4
  [1m[35m (2.9ms)[0m  [1m[35mCREATE UNIQUE INDEX  "index_users_on_email" ON "users"  ("email")[0m
  ↳ db/migrate/20160315024102_add_index_to_users_email.rb:3
  [1m[36mActiveRecord::SchemaMigration Create (0.3ms)[0m  [1m[32mINSERT INTO "schema_migrations" ("version") VALUES ($1) RETURNING "version"[0m  [["version", "20160315024102"]]
  ↳ bin/rails:4
  [1m[35m (2.0ms)[0m  [1m[35mCOMMIT[0m
  ↳ bin/rails:4
Migrating to AddPasswordDigestToUsers (20160315024845)
  [1m[35m (0.2ms)[0m  [1m[35mBEGIN[0m
  ↳ bin/rails:4
  [1m[35m (1.2ms)[0m  [1m[35mALTER TABLE "users" ADD "password_digest" character varying[0m
  ↳ db/migrate/20160315024845_add_password_digest_to_users.rb:3
  [1m[36mActiveRecord::SchemaMigration Create (0.2ms)[0m  [1m[32mINSERT INTO "schema_migrations" ("version") VALUES ($1) RETURNING "version"[0m  [["version", "20160315024845"]]
  ↳ bin/rails:4
  [1m[35m (1.7ms)[0m  [1m[35mCOMMIT[0m
  ↳ bin/rails:4
Migrating to AddRememberDigestToUsers (20160319230808)
  [1m[35m (0.8ms)[0m  [1m[35mBEGIN[0m
  ↳ bin/rails:4
  [1m[35m (0.5ms)[0m  [1m[35mALTER TABLE "users" ADD "remember_digest" character varying[0m
  ↳ db/migrate/20160319230808_add_remember_digest_to_users.rb:3
  [1m[36mActiveRecord::SchemaMigration Create (0.3ms)[0m  [1m[32mINSERT INTO "schema_migrations" ("version") VALUES ($1) RETURNING "version"[0m  [["version", "20160319230808"]]
  ↳ bin/rails:4
  [1m[35m (6.3ms)[0m  [1m[35mCOMMIT[0m
  ↳ bin/rails:4
Migrating to AddAdminToUsers (20160327180008)
  [1m[35m (0.5ms)[0m  [1m[35mBEGIN[0m
  ↳ bin/rails:4
  [1m[35m (19.7ms)[0m  [1m[35mALTER TABLE "users" ADD "admin" boolean DEFAULT FALSE[0m
  ↳ db/migrate/20160327180008_add_admin_to_users.rb:3
  [1m[36mActiveRecord::SchemaMigration Create (0.7ms)[0m  [1m[32mINSERT INTO "schema_migrations" ("version") VALUES ($1) RETURNING "version"[0m  [["version", "20160327180008"]]
  ↳ bin/rails:4
  [1m[35m (24.4ms)[0m  [1m[35mCOMMIT[0m
  ↳ bin/rails:4
Migrating to AddActivationToUsers (20160327201258)
  [1m[35m (0.5ms)[0m  [1m[35mBEGIN[0m
  ↳ bin/rails:4
  [1m[35m (0.7ms)[0m  [1m[35mALTER TABLE "users" ADD "activation_digest" character varying[0m
  ↳ db/migrate/20160327201258_add_activation_to_users.rb:3
  [1m[35m (11.0ms)[0m  [1m[35mALTER TABLE "users" ADD "activated" boolean DEFAULT FALSE[0m
  ↳ db/migrate/20160327201258_add_activation_to_users.rb:4
  [1m[35m (0.4ms)[0m  [1m[35mALTER TABLE "users" ADD "activated_at" timestamp[0m
  ↳ db/migrate/20160327201258_add_activation_to_users.rb:5
  [1m[36mActiveRecord::SchemaMigration Create (0.3ms)[0m  [1m[32mINSERT INTO "schema_migrations" ("version") VALUES ($1) RETURNING "version"[0m  [["version", "20160327201258"]]
  ↳ bin/rails:4
  [1m[35m (21.4ms)[0m  [1m[35mCOMMIT[0m
  ↳ bin/rails:4
Migrating to AddResetToUsers (20160327204741)
  [1m[35m (0.2ms)[0m  [1m[35mBEGIN[0m
  ↳ bin/rails:4
  [1m[35m (0.3ms)[0m  [1m[35mALTER TABLE "users" ADD "reset_digest" character varying[0m
  ↳ db/migrate/20160327204741_add_reset_to_users.rb:3
  [1m[35m (0.5ms)[0m  [1m[35mALTER TABLE "users" ADD "reset_sent_at" timestamp[0m
  ↳ db/migrate/20160327204741_add_reset_to_users.rb:4
  [1m[36mActiveRecord::SchemaMigration Create (0.4ms)[0m  [1m[32mINSERT INTO "schema_migrations" ("version") VALUES ($1) RETURNING "version"[0m  [["version", "20160327204741"]]
  ↳ bin/rails:4
  [1m[35m (3.2ms)[0m  [1m[35mCOMMIT[0m
  ↳ bin/rails:4
Migrating to CreateEmailResponses (20160402212239)
  [1m[35m (0.2ms)[0m  [1m[35mBEGIN[0m
  ↳ bin/rails:4
  [1m[35m (8.7ms)[0m  [1m[35mCREATE TABLE "email_responses" ("id" bigserial primary key, "email" character varying, "extra_info" text, "response_type" integer, "created_at" timestamp NOT NULL, "updated_at" timestamp NOT NULL)[0m
  ↳ db/migrate/20160402212239_create_email_responses.rb:3
  [1m[36mActiveRecord::SchemaMigration Create (0.4ms)[0m  [1m[32mINSERT INTO "schema_migrations" ("version") VALUES ($1) RETURNING "version"[0m  [["version", "20160402212239"]]
  ↳ bin/rails:4
  [1m[35m (2.8ms)[0m  [1m[35mCOMMIT[0m
  ↳ bin/rails:4
Migrating to CreateStories (20160404015621)
  [1m[35m (0.8ms)[0m  [1m[35mBEGIN[0m
  ↳ bin/rails:4
  [1m[35m (13.8ms)[0m  [1m[35mCREATE TABLE "stories" ("id" bigserial primary key, "title" character varying, "content" text, "user_id" bigint, "created_at" timestamp NOT NULL, "updated_at" timestamp NOT NULL, CONSTRAINT "fk_rails_c53f5feaac"
FOREIGN KEY ("user_id")
  REFERENCES "users" ("id")
)[0m
  ↳ db/migrate/20160404015621_create_stories.rb:3
  [1m[35m (3.7ms)[0m  [1m[35mCREATE  INDEX  "index_stories_on_user_id" ON "stories"  ("user_id")[0m
  ↳ db/migrate/20160404015621_create_stories.rb:3
  [1m[35m (4.1ms)[0m  [1m[35mCREATE  INDEX  "index_stories_on_user_id_and_created_at" ON "stories"  ("user_id", "created_at")[0m
  ↳ db/migrate/20160404015621_create_stories.rb:10
  [1m[36mActiveRecord::SchemaMigration Create (0.6ms)[0m  [1m[32mINSERT INTO "schema_migrations" ("version") VALUES ($1) RETURNING "version"[0m  [["version", "20160404015621"]]
  ↳ bin/rails:4
  [1m[35m (5.3ms)[0m  [1m[35mCOMMIT[0m
  ↳ bin/rails:4
Migrating to AddAttributesToStories (20160409214547)
  [1m[35m (0.8ms)[0m  [1m[35mBEGIN[0m
  ↳ bin/rails:4
  [1m[35m (0.7ms)[0m  [1m[35mALTER TABLE "stories" ADD "year_written" integer[0m
  ↳ db/migrate/20160409214547_add_attributes_to_stories.rb:3
  [1m[35m (0.5ms)[0m  [1m[35mALTER TABLE "stories" ADD "decade" integer[0m
  ↳ db/migrate/20160409214547_add_attributes_to_stories.rb:4
  [1m[35m (0.4ms)[0m  [1m[35mALTER TABLE "stories" ADD "age" integer[0m
  ↳ db/migrate/20160409214547_add_attributes_to_stories.rb:5
  [1m[35m (22.0ms)[0m  [1m[35mALTER TABLE "stories" ADD "recording?" boolean DEFAULT FALSE[0m
  ↳ db/migrate/20160409214547_add_attributes_to_stories.rb:6
  [1m[36mActiveRecord::SchemaMigration Create (0.3ms)[0m  [1m[32mINSERT INTO "schema_migrations" ("version") VALUES ($1) RETURNING "version"[0m  [["version", "20160409214547"]]
  ↳ bin/rails:4
  [1m[35m (33.8ms)[0m  [1m[35mCOMMIT[0m
  ↳ bin/rails:4
Migrating to AddThumbnailPictureToStories (20170225220808)
  [1m[35m (0.3ms)[0m  [1m[35mBEGIN[0m
  ↳ bin/rails:4
  [1m[35m (0.3ms)[0m  [1m[35mALTER TABLE "stories" ADD "thumbnail" character varying[0m
  ↳ db/migrate/20170225220808_add_thumbnail_picture_to_stories.rb:3
  [1m[36mActiveRecord::SchemaMigration Create (0.2ms)[0m  [1m[32mINSERT INTO "schema_migrations" ("version") VALUES ($1) RETURNING "version"[0m  [["version", "20170225220808"]]
  ↳ bin/rails:4
  [1m[35m (2.0ms)[0m  [1m[35mCOMMIT[0m
  ↳ bin/rails:4
Migrating to AddCategoryToStories (20170225221613)
  [1m[35m (0.3ms)[0m  [1m[35mBEGIN[0m
  ↳ bin/rails:4
  [1m[35m (0.5ms)[0m  [1m[35mALTER TABLE "stories" ADD "category" character varying[0m
  ↳ db/migrate/20170225221613_add_category_to_stories.rb:3
  [1m[36mActiveRecord::SchemaMigration Create (0.4ms)[0m  [1m[32mINSERT INTO "schema_migrations" ("version") VALUES ($1) RETURNING "version"[0m  [["version", "20170225221613"]]
  ↳ bin/rails:4
  [1m[35m (1.9ms)[0m  [1m[35mCOMMIT[0m
  ↳ bin/rails:4
Migrating to RemoveRecordingFromStories (20170307234331)
  [1m[35m (0.3ms)[0m  [1m[35mBEGIN[0m
  ↳ bin/rails:4
  [1m[35m (0.8ms)[0m  [1m[35mALTER TABLE "stories" DROP COLUMN "recording?"[0m
  ↳ db/migrate/20170307234331_remove_recording_from_stories.rb:3
  [1m[35m (0.4ms)[0m  [1m[35mALTER TABLE "stories" DROP COLUMN "category"[0m
  ↳ db/migrate/20170307234331_remove_recording_from_stories.rb:4
  [1m[36mActiveRecord::SchemaMigration Create (0.3ms)[0m  [1m[32mINSERT INTO "schema_migrations" ("version") VALUES ($1) RETURNING "version"[0m  [["version", "20170307234331"]]
  ↳ bin/rails:4
  [1m[35m (2.2ms)[0m  [1m[35mCOMMIT[0m
  ↳ bin/rails:4
Migrating to CreateComments (20170308002133)
  [1m[35m (0.2ms)[0m  [1m[35mBEGIN[0m
  ↳ bin/rails:4
  [1m[35m (18.2ms)[0m  [1m[35mCREATE TABLE "comments" ("id" bigserial primary key, "content" text, "user_id" bigint, "created_at" timestamp NOT NULL, "updated_at" timestamp NOT NULL, CONSTRAINT "fk_rails_03de2dc08c"
FOREIGN KEY ("user_id")
  REFERENCES "users" ("id")
)[0m
  ↳ db/migrate/20170308002133_create_comments.rb:3
  [1m[35m (4.3ms)[0m  [1m[35mCREATE  INDEX  "index_comments_on_user_id" ON "comments"  ("user_id")[0m
  ↳ db/migrate/20170308002133_create_comments.rb:3
  [1m[36mActiveRecord::SchemaMigration Create (0.6ms)[0m  [1m[32mINSERT INTO "schema_migrations" ("version") VALUES ($1) RETURNING "version"[0m  [["version", "20170308002133"]]
  ↳ bin/rails:4
  [1m[35m (3.2ms)[0m  [1m[35mCOMMIT[0m
  ↳ bin/rails:4
Migrating to CreatePictures (20170308002601)
  [1m[35m (1.7ms)[0m  [1m[35mBEGIN[0m
  ↳ bin/rails:4
  [1m[35m (14.6ms)[0m  [1m[35mCREATE TABLE "pictures" ("id" bigserial primary key, "url" character varying, "caption" text, "user_id" bigint, "created_at" timestamp NOT NULL, "updated_at" timestamp NOT NULL, CONSTRAINT "fk_rails_3268570edc"
FOREIGN KEY ("user_id")
  REFERENCES "users" ("id")
)[0m
  ↳ db/migrate/20170308002601_create_pictures.rb:3
  [1m[35m (4.3ms)[0m  [1m[35mCREATE  INDEX  "index_pictures_on_user_id" ON "pictures"  ("user_id")[0m
  ↳ db/migrate/20170308002601_create_pictures.rb:3
  [1m[36mActiveRecord::SchemaMigration Create (0.3ms)[0m  [1m[32mINSERT INTO "schema_migrations" ("version") VALUES ($1) RETURNING "version"[0m  [["version", "20170308002601"]]
  ↳ bin/rails:4
  [1m[35m (2.3ms)[0m  [1m[35mCOMMIT[0m
  ↳ bin/rails:4
Migrating to CreateTags (20170308002802)
  [1m[35m (1.3ms)[0m  [1m[35mBEGIN[0m
  ↳ bin/rails:4
  [1m[35m (10.2ms)[0m  [1m[35mCREATE TABLE "tags" ("id" bigserial primary key, "name" character varying, "created_at" timestamp NOT NULL, "updated_at" timestamp NOT NULL)[0m
  ↳ db/migrate/20170308002802_create_tags.rb:3
  [1m[36mActiveRecord::SchemaMigration Create (0.6ms)[0m  [1m[32mINSERT INTO "schema_migrations" ("version") VALUES ($1) RETURNING "version"[0m  [["version", "20170308002802"]]
  ↳ bin/rails:4
  [1m[35m (1.8ms)[0m  [1m[35mCOMMIT[0m
  ↳ bin/rails:4
Migrating to CreateTaggings (20170318205254)
  [1m[35m (0.8ms)[0m  [1m[35mBEGIN[0m
  ↳ bin/rails:4
  [1m[35m (8.0ms)[0m  [1m[35mCREATE TABLE "taggings" ("id" bigserial primary key, "story_id" bigint, "tag_id" bigint, "created_at" timestamp NOT NULL, "updated_at" timestamp NOT NULL, CONSTRAINT "fk_rails_3a20720060"
FOREIGN KEY ("story_id")
  REFERENCES "stories" ("id")
, CONSTRAINT "fk_rails_9fcd2e236b"
FOREIGN KEY ("tag_id")
  REFERENCES "tags" ("id")
)[0m
  ↳ db/migrate/20170318205254_create_taggings.rb:3
  [1m[35m (3.4ms)[0m  [1m[35mCREATE  INDEX  "index_taggings_on_story_id" ON "taggings"  ("story_id")[0m
  ↳ db/migrate/20170318205254_create_taggings.rb:3
  [1m[35m (5.9ms)[0m  [1m[35mCREATE  INDEX  "index_taggings_on_tag_id" ON "taggings"  ("tag_id")[0m
  ↳ db/migrate/20170318205254_create_taggings.rb:3
  [1m[36mActiveRecord::SchemaMigration Create (0.7ms)[0m  [1m[32mINSERT INTO "schema_migrations" ("version") VALUES ($1) RETURNING "version"[0m  [["version", "20170318205254"]]
  ↳ bin/rails:4
  [1m[35m (4.4ms)[0m  [1m[35mCOMMIT[0m
  ↳ bin/rails:4
Migrating to RemoveUserIdFromPictures (20170319171612)
  [1m[35m (0.7ms)[0m  [1m[35mBEGIN[0m
  ↳ bin/rails:4
  [1m[35m (0.5ms)[0m  [1m[35mALTER TABLE "pictures" ADD "imageable_type" character varying[0m
  ↳ db/migrate/20170319171612_remove_user_id_from_pictures.rb:3
  [1m[35m (0.2ms)[0m  [1m[35mALTER TABLE "pictures" ADD "imageable_id" bigint[0m
  ↳ db/migrate/20170319171612_remove_user_id_from_pictures.rb:3
  [1m[35m (3.8ms)[0m  [1m[35mCREATE  INDEX  "index_pictures_on_imageable_type_and_imageable_id" ON "pictures"  ("imageable_type", "imageable_id")[0m
  ↳ db/migrate/20170319171612_remove_user_id_from_pictures.rb:3
  [1m[36mActiveRecord::SchemaMigration Create (0.7ms)[0m  [1m[32mINSERT INTO "schema_migrations" ("version") VALUES ($1) RETURNING "version"[0m  [["version", "20170319171612"]]
  ↳ bin/rails:4
  [1m[35m (3.4ms)[0m  [1m[35mCOMMIT[0m
  ↳ bin/rails:4
Migrating to RemoveUseridFromPictures (20170319172541)
  [1m[35m (0.3ms)[0m  [1m[35mBEGIN[0m
  ↳ bin/rails:4
  [1m[35m (0.6ms)[0m  [1m[35mDROP INDEX  "index_pictures_on_user_id"[0m
  ↳ db/migrate/20170319172541_remove_userid_from_pictures.rb:3
  [1m[35m (1.5ms)[0m  [1m[35mALTER TABLE "pictures" DROP COLUMN "user_id"[0m
  ↳ db/migrate/20170319172541_remove_userid_from_pictures.rb:4
  [1m[36mActiveRecord::SchemaMigration Create (0.4ms)[0m  [1m[32mINSERT INTO "schema_migrations" ("version") VALUES ($1) RETURNING "version"[0m  [["version", "20170319172541"]]
  ↳ bin/rails:4
  [1m[35m (7.6ms)[0m  [1m[35mCOMMIT[0m
  ↳ bin/rails:4
Migrating to RemoveUseridFromComments (20170319172724)
  [1m[35m (0.2ms)[0m  [1m[35mBEGIN[0m
  ↳ bin/rails:4
  [1m[35m (0.7ms)[0m  [1m[35mALTER TABLE "comments" ADD "commentable_type" character varying[0m
  ↳ db/migrate/20170319172724_remove_userid_from_comments.rb:3
  [1m[35m (0.5ms)[0m  [1m[35mALTER TABLE "comments" ADD "commentable_id" bigint[0m
  ↳ db/migrate/20170319172724_remove_userid_from_comments.rb:3
  [1m[35m (6.4ms)[0m  [1m[35mCREATE  INDEX  "index_comments_on_commentable_type_and_commentable_id" ON "comments"  ("commentable_type", "commentable_id")[0m
  ↳ db/migrate/20170319172724_remove_userid_from_comments.rb:3
  [1m[36mActiveRecord::SchemaMigration Create (0.3ms)[0m  [1m[32mINSERT INTO "schema_migrations" ("version") VALUES ($1) RETURNING "version"[0m  [["version", "20170319172724"]]
  ↳ bin/rails:4
  [1m[35m (2.0ms)[0m  [1m[35mCOMMIT[0m
  ↳ bin/rails:4
Migrating to RemoveUseridagainFromComments (20170319172923)
  [1m[35m (0.6ms)[0m  [1m[35mBEGIN[0m
  ↳ bin/rails:4
  [1m[35m (0.5ms)[0m  [1m[35mDROP INDEX  "index_comments_on_user_id"[0m
  ↳ db/migrate/20170319172923_remove_useridagain_from_comments.rb:3
  [1m[35m (1.1ms)[0m  [1m[35mALTER TABLE "comments" DROP COLUMN "user_id"[0m
  ↳ db/migrate/20170319172923_remove_useridagain_from_comments.rb:4
  [1m[36mActiveRecord::SchemaMigration Create (0.6ms)[0m  [1m[32mINSERT INTO "schema_migrations" ("version") VALUES ($1) RETURNING "version"[0m  [["version", "20170319172923"]]
  ↳ bin/rails:4
  [1m[35m (15.1ms)[0m  [1m[35mCOMMIT[0m
  ↳ bin/rails:4
Migrating to AddUseridToPictures (20170319203334)
  [1m[35m (0.2ms)[0m  [1m[35mBEGIN[0m
  ↳ bin/rails:4
  [1m[35m (0.7ms)[0m  [1m[35mALTER TABLE "pictures" ADD "user_id" bigint[0m
  ↳ db/migrate/20170319203334_add_userid_to_pictures.rb:3
  [1m[35m (3.6ms)[0m  [1m[35mCREATE  INDEX  "index_pictures_on_user_id" ON "pictures"  ("user_id")[0m
  ↳ db/migrate/20170319203334_add_userid_to_pictures.rb:3
  [1m[35m (37.4ms)[0m  [1m[35mALTER TABLE "pictures" ADD CONSTRAINT "fk_rails_3268570edc"
FOREIGN KEY ("user_id")
  REFERENCES "users" ("id")
[0m
  ↳ db/migrate/20170319203334_add_userid_to_pictures.rb:3
  [1m[36mActiveRecord::SchemaMigration Create (0.3ms)[0m  [1m[32mINSERT INTO "schema_migrations" ("version") VALUES ($1) RETURNING "version"[0m  [["version", "20170319203334"]]
  ↳ bin/rails:4
  [1m[35m (2.9ms)[0m  [1m[35mCOMMIT[0m
  ↳ bin/rails:4
Migrating to AddUseridToComments (20170319204549)
  [1m[35m (0.3ms)[0m  [1m[35mBEGIN[0m
  ↳ bin/rails:4
  [1m[35m (0.4ms)[0m  [1m[35mALTER TABLE "comments" ADD "user_id" bigint[0m
  ↳ db/migrate/20170319204549_add_userid_to_comments.rb:3
  [1m[35m (3.7ms)[0m  [1m[35mCREATE  INDEX  "index_comments_on_user_id" ON "comments"  ("user_id")[0m
  ↳ db/migrate/20170319204549_add_userid_to_comments.rb:3
  [1m[35m (22.8ms)[0m  [1m[35mALTER TABLE "comments" ADD CONSTRAINT "fk_rails_03de2dc08c"
FOREIGN KEY ("user_id")
  REFERENCES "users" ("id")
[0m
  ↳ db/migrate/20170319204549_add_userid_to_comments.rb:3
  [1m[36mActiveRecord::SchemaMigration Create (0.3ms)[0m  [1m[32mINSERT INTO "schema_migrations" ("version") VALUES ($1) RETURNING "version"[0m  [["version", "20170319204549"]]
  ↳ bin/rails:4
  [1m[35m (2.2ms)[0m  [1m[35mCOMMIT[0m
  ↳ bin/rails:4
Migrating to CreateVideos (20170325181221)
  [1m[35m (0.4ms)[0m  [1m[35mBEGIN[0m
  ↳ bin/rails:4
  [1m[35m (11.1ms)[0m  [1m[35mCREATE TABLE "videos" ("id" bigserial primary key, "caption" text, "youtube" character varying, "boolean" character varying, "youtube_url" character varying, "user_id" bigint, "created_at" timestamp NOT NULL, "updated_at" timestamp NOT NULL, CONSTRAINT "fk_rails_ba925d1105"
FOREIGN KEY ("user_id")
  REFERENCES "users" ("id")
)[0m
  ↳ db/migrate/20170325181221_create_videos.rb:3
  [1m[35m (6.4ms)[0m  [1m[35mCREATE  INDEX  "index_videos_on_user_id" ON "videos"  ("user_id")[0m
  ↳ db/migrate/20170325181221_create_videos.rb:3
  [1m[36mActiveRecord::SchemaMigration Create (0.3ms)[0m  [1m[32mINSERT INTO "schema_migrations" ("version") VALUES ($1) RETURNING "version"[0m  [["version", "20170325181221"]]
  ↳ bin/rails:4
  [1m[35m (2.5ms)[0m  [1m[35mCOMMIT[0m
  ↳ bin/rails:4
Migrating to AddAssetColumnToVideos (20170325181504)
  [1m[35m (1.8ms)[0m  [1m[35mBEGIN[0m
  ↳ bin/rails:4
  [1m[35m (0.8ms)[0m  [1m[35mALTER TABLE "videos" ADD "asset_file_name" character varying[0m
  ↳ db/migrate/20170325181504_add_asset_column_to_videos.rb:3
  [1m[35m (0.6ms)[0m  [1m[35mALTER TABLE "videos" ADD "asset_content_type" character varying[0m
  ↳ db/migrate/20170325181504_add_asset_column_to_videos.rb:3
  [1m[35m (0.6ms)[0m  [1m[35mALTER TABLE "videos" ADD "asset_file_size" bigint[0m
  ↳ db/migrate/20170325181504_add_asset_column_to_videos.rb:3
  [1m[35m (0.6ms)[0m  [1m[35mALTER TABLE "videos" ADD "asset_updated_at" timestamp[0m
  ↳ db/migrate/20170325181504_add_asset_column_to_videos.rb:3
  [1m[36mActiveRecord::SchemaMigration Create (0.4ms)[0m  [1m[32mINSERT INTO "schema_migrations" ("version") VALUES ($1) RETURNING "version"[0m  [["version", "20170325181504"]]
  ↳ bin/rails:4
  [1m[35m (2.5ms)[0m  [1m[35mCOMMIT[0m
  ↳ bin/rails:4
Migrating to RemoveYoutubeColumnFromVideos (20170325181714)
  [1m[35m (1.6ms)[0m  [1m[35mBEGIN[0m
  ↳ bin/rails:4
  [1m[35m (0.9ms)[0m  [1m[35mALTER TABLE "videos" DROP COLUMN "youtube"[0m
  ↳ db/migrate/20170325181714_remove_youtube_column_from_videos.rb:3
  [1m[35m (0.4ms)[0m  [1m[35mALTER TABLE "videos" DROP COLUMN "boolean"[0m
  ↳ db/migrate/20170325181714_remove_youtube_column_from_videos.rb:4
  [1m[35m (0.5ms)[0m  [1m[35mALTER TABLE "videos" ADD "youtube" boolean[0m
  ↳ db/migrate/20170325181714_remove_youtube_column_from_videos.rb:5
  [1m[36mActiveRecord::SchemaMigration Create (0.3ms)[0m  [1m[32mINSERT INTO "schema_migrations" ("version") VALUES ($1) RETURNING "version"[0m  [["version", "20170325181714"]]
  ↳ bin/rails:4
  [1m[35m (3.5ms)[0m  [1m[35mCOMMIT[0m
  ↳ bin/rails:4
Migrating to CreateRecordings (20170325182257)
  [1m[35m (0.2ms)[0m  [1m[35mBEGIN[0m
  ↳ bin/rails:4
  [1m[35m (7.9ms)[0m  [1m[35mCREATE TABLE "recordings" ("id" bigserial primary key, "caption" text, "user_id" bigint, "created_at" timestamp NOT NULL, "updated_at" timestamp NOT NULL, CONSTRAINT "fk_rails_c224d82773"
FOREIGN KEY ("user_id")
  REFERENCES "users" ("id")
)[0m
  ↳ db/migrate/20170325182257_create_recordings.rb:3
  [1m[35m (6.3ms)[0m  [1m[35mCREATE  INDEX  "index_recordings_on_user_id" ON "recordings"  ("user_id")[0m
  ↳ db/migrate/20170325182257_create_recordings.rb:3
  [1m[36mActiveRecord::SchemaMigration Create (0.4ms)[0m  [1m[32mINSERT INTO "schema_migrations" ("version") VALUES ($1) RETURNING "version"[0m  [["version", "20170325182257"]]
  ↳ bin/rails:4
  [1m[35m (4.1ms)[0m  [1m[35mCOMMIT[0m
  ↳ bin/rails:4
Migrating to AddAssetColumnToRecordings (20170325182354)
  [1m[35m (2.0ms)[0m  [1m[35mBEGIN[0m
  ↳ bin/rails:4
  [1m[35m (0.3ms)[0m  [1m[35mALTER TABLE "recordings" ADD "asset_file_name" character varying[0m
  ↳ db/migrate/20170325182354_add_asset_column_to_recordings.rb:3
  [1m[35m (0.2ms)[0m  [1m[35mALTER TABLE "recordings" ADD "asset_content_type" character varying[0m
  ↳ db/migrate/20170325182354_add_asset_column_to_recordings.rb:3
  [1m[35m (0.2ms)[0m  [1m[35mALTER TABLE "recordings" ADD "asset_file_size" bigint[0m
  ↳ db/migrate/20170325182354_add_asset_column_to_recordings.rb:3
  [1m[35m (0.2ms)[0m  [1m[35mALTER TABLE "recordings" ADD "asset_updated_at" timestamp[0m
  ↳ db/migrate/20170325182354_add_asset_column_to_recordings.rb:3
  [1m[36mActiveRecord::SchemaMigration Create (0.3ms)[0m  [1m[32mINSERT INTO "schema_migrations" ("version") VALUES ($1) RETURNING "version"[0m  [["version", "20170325182354"]]
  ↳ bin/rails:4
  [1m[35m (3.9ms)[0m  [1m[35mCOMMIT[0m
  ↳ bin/rails:4
Migrating to AddYearColumnToRecordings (20170325182647)
  [1m[35m (0.3ms)[0m  [1m[35mBEGIN[0m
  ↳ bin/rails:4
  [1m[35m (0.4ms)[0m  [1m[35mALTER TABLE "recordings" ADD "year" integer[0m
  ↳ db/migrate/20170325182647_add_year_column_to_recordings.rb:3
  [1m[36mActiveRecord::SchemaMigration Create (0.3ms)[0m  [1m[32mINSERT INTO "schema_migrations" ("version") VALUES ($1) RETURNING "version"[0m  [["version", "20170325182647"]]
  ↳ bin/rails:4
  [1m[35m (2.0ms)[0m  [1m[35mCOMMIT[0m
  ↳ bin/rails:4
Migrating to AddYearColumnToVideos (20170325182654)
  [1m[35m (0.2ms)[0m  [1m[35mBEGIN[0m
  ↳ bin/rails:4
  [1m[35m (0.5ms)[0m  [1m[35mALTER TABLE "videos" ADD "year" integer[0m
  ↳ db/migrate/20170325182654_add_year_column_to_videos.rb:3
  [1m[36mActiveRecord::SchemaMigration Create (0.8ms)[0m  [1m[32mINSERT INTO "schema_migrations" ("version") VALUES ($1) RETURNING "version"[0m  [["version", "20170325182654"]]
  ↳ bin/rails:4
  [1m[35m (3.2ms)[0m  [1m[35mCOMMIT[0m
  ↳ bin/rails:4
Migrating to AddYearColumnToPictures (20170325182836)
  [1m[35m (0.2ms)[0m  [1m[35mBEGIN[0m
  ↳ bin/rails:4
  [1m[35m (1.8ms)[0m  [1m[35mALTER TABLE "pictures" ADD "year" integer[0m
  ↳ db/migrate/20170325182836_add_year_column_to_pictures.rb:3
  [1m[36mActiveRecord::SchemaMigration Create (0.3ms)[0m  [1m[32mINSERT INTO "schema_migrations" ("version") VALUES ($1) RETURNING "version"[0m  [["version", "20170325182836"]]
  ↳ bin/rails:4
  [1m[35m (2.3ms)[0m  [1m[35mCOMMIT[0m
  ↳ bin/rails:4
Migrating to RemovePaperclipAttributesFromVideos (20170325192606)
  [1m[35m (0.7ms)[0m  [1m[35mBEGIN[0m
  ↳ bin/rails:4
  [1m[35m (0.6ms)[0m  [1m[35mALTER TABLE "videos" DROP COLUMN "asset_file_name"[0m
  ↳ db/migrate/20170325192606_remove_paperclip_attributes_from_videos.rb:3
  [1m[35m (0.5ms)[0m  [1m[35mALTER TABLE "videos" DROP COLUMN "asset_content_type"[0m
  ↳ db/migrate/20170325192606_remove_paperclip_attributes_from_videos.rb:4
  [1m[35m (0.5ms)[0m  [1m[35mALTER TABLE "videos" DROP COLUMN "asset_file_size"[0m
  ↳ db/migrate/20170325192606_remove_paperclip_attributes_from_videos.rb:5
  [1m[35m (0.5ms)[0m  [1m[35mALTER TABLE "videos" DROP COLUMN "asset_updated_at"[0m
  ↳ db/migrate/20170325192606_remove_paperclip_attributes_from_videos.rb:6
  [1m[35m (0.6ms)[0m  [1m[35mALTER TABLE "videos" ADD "video" character varying[0m
  ↳ db/migrate/20170325192606_remove_paperclip_attributes_from_videos.rb:7
  [1m[36mActiveRecord::SchemaMigration Create (0.8ms)[0m  [1m[32mINSERT INTO "schema_migrations" ("version") VALUES ($1) RETURNING "version"[0m  [["version", "20170325192606"]]
  ↳ bin/rails:4
  [1m[35m (4.9ms)[0m  [1m[35mCOMMIT[0m
  ↳ bin/rails:4
Migrating to RemovePaperclipAttributesFromRecordings (20170325192612)
  [1m[35m (0.5ms)[0m  [1m[35mBEGIN[0m
  ↳ bin/rails:4
  [1m[35m (0.9ms)[0m  [1m[35mALTER TABLE "recordings" DROP COLUMN "asset_file_name"[0m
  ↳ db/migrate/20170325192612_remove_paperclip_attributes_from_recordings.rb:3
  [1m[35m (0.6ms)[0m  [1m[35mALTER TABLE "recordings" DROP COLUMN "asset_content_type"[0m
  ↳ db/migrate/20170325192612_remove_paperclip_attributes_from_recordings.rb:4
  [1m[35m (0.7ms)[0m  [1m[35mALTER TABLE "recordings" DROP COLUMN "asset_file_size"[0m
  ↳ db/migrate/20170325192612_remove_paperclip_attributes_from_recordings.rb:5
  [1m[35m (0.5ms)[0m  [1m[35mALTER TABLE "recordings" DROP COLUMN "asset_updated_at"[0m
  ↳ db/migrate/20170325192612_remove_paperclip_attributes_from_recordings.rb:6
  [1m[35m (0.8ms)[0m  [1m[35mALTER TABLE "recordings" ADD "recording" character varying[0m
  ↳ db/migrate/20170325192612_remove_paperclip_attributes_from_recordings.rb:7
  [1m[36mActiveRecord::SchemaMigration Create (0.3ms)[0m  [1m[32mINSERT INTO "schema_migrations" ("version") VALUES ($1) RETURNING "version"[0m  [["version", "20170325192612"]]
  ↳ bin/rails:4
  [1m[35m (5.8ms)[0m  [1m[35mCOMMIT[0m
  ↳ bin/rails:4
Migrating to AddVideoableAttributesToVideos (20170325193037)
  [1m[35m (0.2ms)[0m  [1m[35mBEGIN[0m
  ↳ bin/rails:4
  [1m[35m (0.4ms)[0m  [1m[35mALTER TABLE "videos" ADD "videoable_id" integer[0m
  ↳ db/migrate/20170325193037_add_videoable_attributes_to_videos.rb:3
  [1m[35m (0.4ms)[0m  [1m[35mALTER TABLE "videos" ADD "videoable_type" character varying[0m
  ↳ db/migrate/20170325193037_add_videoable_attributes_to_videos.rb:4
  [1m[36mActiveRecord::SchemaMigration Create (0.3ms)[0m  [1m[32mINSERT INTO "schema_migrations" ("version") VALUES ($1) RETURNING "version"[0m  [["version", "20170325193037"]]
  ↳ bin/rails:4
  [1m[35m (2.3ms)[0m  [1m[35mCOMMIT[0m
  ↳ bin/rails:4
Migrating to AddRecorableAttributesToRecordings (20170325193052)
  [1m[35m (0.6ms)[0m  [1m[35mBEGIN[0m
  ↳ bin/rails:4
  [1m[35m (0.6ms)[0m  [1m[35mALTER TABLE "recordings" ADD "recordable_id" integer[0m
  ↳ db/migrate/20170325193052_add_recorable_attributes_to_recordings.rb:3
  [1m[35m (0.3ms)[0m  [1m[35mALTER TABLE "recordings" ADD "recordable_type" character varying[0m
  ↳ db/migrate/20170325193052_add_recorable_attributes_to_recordings.rb:4
  [1m[36mActiveRecord::SchemaMigration Create (0.3ms)[0m  [1m[32mINSERT INTO "schema_migrations" ("version") VALUES ($1) RETURNING "version"[0m  [["version", "20170325193052"]]
  ↳ bin/rails:4
  [1m[35m (3.0ms)[0m  [1m[35mCOMMIT[0m
  ↳ bin/rails:4
Migrating to AddAttribitesToStories (20170422211511)
  [1m[35m (0.2ms)[0m  [1m[35mBEGIN[0m
  ↳ bin/rails:4
  [1m[35m (0.6ms)[0m  [1m[35mALTER TABLE "stories" ADD "location" character varying[0m
  ↳ db/migrate/20170422211511_add_attribites_to_stories.rb:3
  [1m[35m (0.3ms)[0m  [1m[35mALTER TABLE "stories" ADD "genre" character varying[0m
  ↳ db/migrate/20170422211511_add_attribites_to_stories.rb:4
  [1m[35m (0.2ms)[0m  [1m[35mALTER TABLE "stories" ADD "word_count" integer[0m
  ↳ db/migrate/20170422211511_add_attribites_to_stories.rb:5
  [1m[35m (0.3ms)[0m  [1m[35mALTER TABLE "stories" ADD "type" character varying[0m
  ↳ db/migrate/20170422211511_add_attribites_to_stories.rb:6
  [1m[35m (0.4ms)[0m  [1m[35mALTER TABLE "stories" ADD "life_stage" character varying[0m
  ↳ db/migrate/20170422211511_add_attribites_to_stories.rb:7
  [1m[35m (0.3ms)[0m  [1m[35mALTER TABLE "stories" DROP COLUMN "age"[0m
  ↳ db/migrate/20170422211511_add_attribites_to_stories.rb:8
  [1m[36mActiveRecord::SchemaMigration Create (0.2ms)[0m  [1m[32mINSERT INTO "schema_migrations" ("version") VALUES ($1) RETURNING "version"[0m  [["version", "20170422211511"]]
  ↳ bin/rails:4
  [1m[35m (2.1ms)[0m  [1m[35mCOMMIT[0m
  ↳ bin/rails:4
Migrating to ChangeTypeToStories (20170422215625)
  [1m[35m (0.6ms)[0m  [1m[35mBEGIN[0m
  ↳ bin/rails:4
  [1m[35m (0.5ms)[0m  [1m[35mALTER TABLE "stories" DROP COLUMN "type"[0m
  ↳ db/migrate/20170422215625_change_type_to_stories.rb:3
  [1m[35m (0.3ms)[0m  [1m[35mALTER TABLE "stories" ADD "category" character varying[0m
  ↳ db/migrate/20170422215625_change_type_to_stories.rb:4
  [1m[36mActiveRecord::SchemaMigration Create (0.2ms)[0m  [1m[32mINSERT INTO "schema_migrations" ("version") VALUES ($1) RETURNING "version"[0m  [["version", "20170422215625"]]
  ↳ bin/rails:4
  [1m[35m (1.8ms)[0m  [1m[35mCOMMIT[0m
  ↳ bin/rails:4
  [1m[36mActiveRecord::InternalMetadata Load (4.4ms)[0m  [1m[34mSELECT  "ar_internal_metadata".* FROM "ar_internal_metadata" WHERE "ar_internal_metadata"."key" = $1 LIMIT $2[0m  [["key", "environment"], ["LIMIT", 1]]
  ↳ bin/rails:4
  [1m[35m (0.3ms)[0m  [1m[35mBEGIN[0m
  ↳ bin/rails:4
  [1m[36mActiveRecord::InternalMetadata Create (1.4ms)[0m  [1m[32mINSERT INTO "ar_internal_metadata" ("key", "value", "created_at", "updated_at") VALUES ($1, $2, $3, $4) RETURNING "key"[0m  [["key", "environment"], ["value", "development"], ["created_at", "2020-03-09 02:00:26.814257"], ["updated_at", "2020-03-09 02:00:26.814257"]]
  ↳ bin/rails:4
  [1m[35m (3.3ms)[0m  [1m[35mCOMMIT[0m
  ↳ bin/rails:4
  [1m[35m (0.6ms)[0m  [1m[34mSELECT pg_advisory_unlock(3468678459233520330)[0m
  ↳ bin/rails:4
  [1m[35m (0.3ms)[0m  [1m[34mSELECT "schema_migrations"."version" FROM "schema_migrations" ORDER BY "schema_migrations"."version" ASC[0m
  ↳ bin/rails:4
Started GET "/" for ::1 at 2020-03-08 22:00:39 -0400
  [1m[35m (4.9ms)[0m  [1m[34mSELECT "schema_migrations"."version" FROM "schema_migrations" ORDER BY "schema_migrations"."version" ASC[0m
  ↳ /home/ajessee/.rvm/gems/ruby-2.7.0/gems/activerecord-5.2.3/lib/active_record/log_subscriber.rb:98
Processing by Rails::WelcomeController#index as HTML
  Rendering /home/ajessee/.rvm/gems/ruby-2.7.0/gems/railties-5.2.3/lib/rails/templates/rails/welcome/index.html.erb
  Rendered /home/ajessee/.rvm/gems/ruby-2.7.0/gems/railties-5.2.3/lib/rails/templates/rails/welcome/index.html.erb (2.6ms)
Completed 200 OK in 29ms (Views: 14.1ms | ActiveRecord: 0.0ms)


Started GET "/" for ::1 at 2020-03-08 22:03:13 -0400
Processing by WelcomeController#welcome as HTML
DEPRECATION WARNING: Dangerous query method (method whose arguments are used as raw SQL) called with non-attribute argument(s): "RANDOM()". Non-attribute arguments will be disallowed in Rails 6.0. This method should not be called with user-provided values, such as request parameters or model attributes. Known-safe values can be passed by wrapping them in Arel.sql(). (called from welcome at /mnt/c/Users/ajessee/Desktop/personal/RDJesseeBlog/app/controllers/welcome_controller.rb:4)
DEPRECATION WARNING: Dangerous query method (method whose arguments are used as raw SQL) called with non-attribute argument(s): "RANDOM()". Non-attribute arguments will be disallowed in Rails 6.0. This method should not be called with user-provided values, such as request parameters or model attributes. Known-safe values can be passed by wrapping them in Arel.sql(). (called from welcome at /mnt/c/Users/ajessee/Desktop/personal/RDJesseeBlog/app/controllers/welcome_controller.rb:5)
DEPRECATION WARNING: Dangerous query method (method whose arguments are used as raw SQL) called with non-attribute argument(s): "RANDOM()". Non-attribute arguments will be disallowed in Rails 6.0. This method should not be called with user-provided values, such as request parameters or model attributes. Known-safe values can be passed by wrapping them in Arel.sql(). (called from welcome at /mnt/c/Users/ajessee/Desktop/personal/RDJesseeBlog/app/controllers/welcome_controller.rb:6)
  Rendering welcome/welcome.html.erb within layouts/application
  Rendered welcome/_header.html.erb (10332.9ms)
  Rendered welcome/_intro.html.erb (18.0ms)
  Rendered welcome/_parallax1.html.erb (16.9ms)
  [1m[36mStory Load (25.7ms)[0m  [1m[34mSELECT  "stories".* FROM "stories" ORDER BY RANDOM() LIMIT $1[0m  [["LIMIT", 3]]
  ↳ app/views/welcome/_blog.html.erb:9
  Rendered welcome/_blog.html.erb (33.6ms)
  Rendered welcome/_parallax2.html.erb (7.3ms)
  [1m[36mPicture Load (1.3ms)[0m  [1m[34mSELECT  "pictures".* FROM "pictures" ORDER BY RANDOM() LIMIT $1[0m  [["LIMIT", 3]]
  ↳ app/views/welcome/_pictures.html.erb:12
  Rendered welcome/_pictures.html.erb (36.7ms)
  Rendered welcome/_obit.html.erb (53.6ms)
  [1m[36mComment Exists (0.7ms)[0m  [1m[34mSELECT  1 AS one FROM "comments" WHERE "comments"."commentable_type" = $1 LIMIT $2[0m  [["commentable_type", "User"], ["LIMIT", 1]]
  ↳ app/views/welcome/_guestbook.html.erb:10
  Rendered welcome/_guestbook.html.erb (6.3ms)
  Rendered welcome/_footer.html.erb (1.4ms)
  Rendered welcome/welcome.html.erb within layouts/application (10762.9ms)
  Rendered layouts/_meta.html.erb (0.4ms)
  Rendered layouts/_fonts.html.erb (0.4ms)
  Rendered layouts/_shim.html.erb (0.2ms)
  Rendered layouts/_header.html.erb (5.7ms)
Completed 200 OK in 11523ms (Views: 11196.4ms | ActiveRecord: 33.9ms)


